<?xml version="1.0" encoding="UTF-8"?>
<coverage generated="1664315879866" clover="3.2.0">
  <project timestamp="1664315879866" name="All files">
    <metrics statements="5" coveredstatements="5" conditionals="2" coveredconditionals="2" methods="1" coveredmethods="1" elements="8" coveredelements="8" complexity="0" loc="5" ncloc="5" packages="1" files="1" classes="1"/>
    <file name="is-prime.js" path="/home/jorgeramon/programacion-js-2-ust/08-testing/02-is-prime/is-prime.js">
      <metrics statements="5" coveredstatements="5" conditionals="2" coveredconditionals="2" methods="1" coveredmethods="1"/>
      <line num="1" count="1" type="stmt"/>
      <line num="2" count="1025" type="stmt"/>
      <line num="3" count="2141" type="cond" truecount="2" falsecount="0"/>
      <line num="4" count="1000" type="stmt"/>
      <line num="8" count="25" type="stmt"/>
    </file>
  </project>
</coverage>
