<?xml version="1.0" encoding="UTF-8"?>
<coverage generated="1664316377812" clover="3.2.0">
  <project timestamp="1664316377813" name="All files">
    <metrics statements="6" coveredstatements="6" conditionals="6" coveredconditionals="6" methods="1" coveredmethods="1" elements="13" coveredelements="13" complexity="0" loc="6" ncloc="6" packages="1" files="1" classes="1"/>
    <file name="fibonacci.js" path="/home/jorgeramon/programacion-js-2-ust/08-testing/03-fibonacci/fibonacci.js">
      <metrics statements="6" coveredstatements="6" conditionals="6" coveredconditionals="6" methods="1" coveredmethods="1"/>
      <line num="2" count="20" type="cond" truecount="2" falsecount="0"/>
      <line num="3" count="1" type="stmt"/>
      <line num="6" count="19" type="cond" truecount="4" falsecount="0"/>
      <line num="7" count="12" type="stmt"/>
      <line num="10" count="7" type="stmt"/>
      <line num="13" count="1" type="stmt"/>
    </file>
  </project>
</coverage>
